<?xml version="1.0" encoding="UTF-8" ?>
<testsuite tests="1" failures="0" name="Runner.TestRunner" time="195.328" errors="1" skipped="0">
  <properties>
    <property name="PROCESSOR_ARCHITECTURE" value="AMD64"/>
    <property name="file.encoding.pkg" value="sun.io"/>
    <property name="LOGONSERVER" value="\\MicrosoftAccount"/>
    <property name="ProgramData" value="C:\ProgramData"/>
    <property name="java.home" value="C:\Program Files\Java\jdk1.8.0_201\jre"/>
    <property name="MQ_JAVA_DATA_PATH" value="C:\Program Files (x86)\IBM\WebSphere MQ"/>
    <property name="NODE_NAME" value="master"/>
    <property name="JENKINS_URL" value="http://localhost:8080/"/>
    <property name="INCLUDE" value="C:\Program Files (x86)\IBM\WebSphere MQ\tools\c\include;C:\Program Files (x86)\IBM\WebSphere MQ\tools\cplus\include"/>
    <property name="CATALINA_HOME" value="E:\apache-tomcat-7.0.85"/>
    <property name="ALLUSERSPROFILE" value="C:\ProgramData"/>
    <property name="java.endorsed.dirs" value="C:\Program Files\Java\jdk1.8.0_201\jre\lib\endorsed"/>
    <property name="PSModulePath" value="C:\Windows\system32\WindowsPowerShell\v1.0\Modules\;C:\Program Files (x86)\Microsoft SQL Server\140\Tools\PowerShell\Modules\"/>
    <property name="=::" value="::\"/>
    <property name="USERDOMAIN" value="SUVARNA"/>
    <property name="sun.os.patch.level" value=""/>
    <property name="java.vendor.url" value="http://java.oracle.com/"/>
    <property name="CommonProgramFiles(x86)" value="C:\Program Files (x86)\Common Files"/>
    <property name="java.version" value="1.8.0_201"/>
    <property name="JOB_NAME" value="jenkinsgitdemo"/>
    <property name="COMPUTERNAME" value="SUVARNA"/>
    <property name="java.vendor.url.bug" value="http://bugreport.sun.com/bugreport/"/>
    <property name="PUBLIC" value="C:\Users\Public"/>
    <property name="MQ_JAVA_LIB_PATH" value="C:\Program Files (x86)\IBM\WebSphere MQ\java\lib64;C:\Program Files (x86)\IBM\WebSphere MQ\java\lib"/>
    <property name="user.name" value="MONTRAN"/>
    <property name="sun.io.unicode.encoding" value="UnicodeLittle"/>
    <property name="MQ_JAVA_INSTALL_PATH" value="C:\Program Files (x86)\IBM\WebSphere MQ\java"/>
    <property name="sun.jnu.encoding" value="Cp1252"/>
    <property name="java.runtime.name" value="Java(TM) SE Runtime Environment"/>
    <property name="windir" value="C:\Windows"/>
    <property name="PROCESSOR_IDENTIFIER" value="Intel64 Family 6 Model 61 Stepping 4, GenuineIntel"/>
    <property name="java.specification.name" value="Java Platform API Specification"/>
    <property name="LOCALAPPDATA" value="C:\Users\MONTRAN\AppData\Local"/>
    <property name="RUN_CHANGES_DISPLAY_URL" value="http://localhost:8080/job/jenkinsgitdemo/9/display/redirect?page=changes"/>
    <property name="LIB" value="C:\Program Files (x86)\IBM\WebSphere MQ\tools\lib64;C:\Program Files (x86)\IBM\WebSphere MQ\tools\lib"/>
    <property name="user.timezone" value="Asia/Calcutta"/>
    <property name="user.script" value=""/>
    <property name="path.separator" value=";"/>
    <property name="NUMBER_OF_PROCESSORS" value="4"/>
    <property name="BUILD_TAG" value="jenkins-jenkinsgitdemo-9"/>
    <property name="file.encoding" value="Cp1252"/>
    <property name="sun.java.command" value="jenkins.maven3.agent.Maven35Main C:\Users\MONTRAN\.jenkins\tools\hudson.tasks.Maven_MavenInstallation\Testmaven C:\Users\MONTRAN\.jenkins\war\WEB-INF\lib\remoting-4.5.jar C:\Users\MONTRAN\.jenkins\plugins\maven-plugin\WEB-INF\lib\maven35-interceptor-1.13.jar C:\Users\MONTRAN\.jenkins\plugins\maven-plugin\WEB-INF\lib\maven3-interceptor-commons-1.13.jar 52817"/>
    <property name="HUDSON_URL" value="http://localhost:8080/"/>
    <property name="JENKINS_SERVER_COOKIE" value="8c6694874287988a"/>
    <property name="EXECUTOR_NUMBER" value="0"/>
    <property name="Path" value="C:\Program Files\Java\jdk1.8.0_201/bin;C:\Program Files (x86)\IBM\WebSphere MQ\java\lib;C:\Program Files (x86)\IBM\WebSphere MQ\java\lib64;C:\app\MONTRAN\product\12.1.0\dbhome_1\bin;C:\Program Files (x86)\Common Files\Oracle\Java\javapath;C:\app\Ritesh\product\12.1.0\dbhome_2\bin;C:\app\Ritesh\product\12.1.0\dbhome_1\bin;F:\app\oracledb\product\12.1.0\dbhome_1\bin;C:\Windows\system32;C:\Windows;C:\Windows\System32\Wbem;C:\Windows\System32\WindowsPowerShell\v1.0\;C:\Program Files\SafeNet\Authentication\SAC\x64;C:\Program Files\SafeNet\Authentication\SAC\x32;C:\Program Files\OpenVPN\bin;C:\Program Files\Java\jdk1.8.0_201\bin;C:\Program Files\Microsoft SQL Server\Client SDK\ODBC\130\Tools\Binn\;C:\Program Files (x86)\Microsoft SQL Server\140\Tools\Binn\;C:\Program Files\Microsoft SQL Server\140\Tools\Binn\;C:\Program Files\Microsoft SQL Server\140\DTS\Binn\;C:\Program Files (x86)\Microsoft SQL Server\150\DTS\Binn\;C:\Program Files (x86)\IBM\WebSphere MQ\bin64;C:\Program Files (x86)\IBM\WebSphere MQ\bin;C:\Program Files (x86)\IBM\WebSphere MQ\tools\c\samples\bin;C:\Program Files\Azure Data Studio\bin;C:\Users\MONTRAN\Downloads\apache-maven-3.6.3-bin\apache-maven-3.6.3\bin;C:\Program Files\Git\cmd"/>
    <property name="JBOSS_HOME" value="E:\jboss-eap-7.1.0\jboss-eap-7.1"/>
    <property name="GIT_COMMIT" value="35629b24aac788aa1400f1bbec2b92f56b7c19eb"/>
    <property name="java.io.tmpdir" value="C:\Users\MONTRAN\AppData\Local\Temp\"/>
    <property name="APPDATA" value="C:\Users\MONTRAN\AppData\Roaming"/>
    <property name="user.language" value="en"/>
    <property name="line.separator" value="
"/>
    <property name="BUILD_URL" value="http://localhost:8080/job/jenkinsgitdemo/9/"/>
    <property name="M2_HOME" value="C:\Users\MONTRAN\.jenkins\tools\hudson.tasks.Maven_MavenInstallation\Testmaven"/>
    <property name="=C:" value="C:\Users\MONTRAN\Downloads"/>
    <property name="java.vm.info" value="mixed mode"/>
    <property name="sun.desktop" value="windows"/>
    <property name="java.vm.specification.name" value="Java Virtual Machine Specification"/>
    <property name="BUILD_DISPLAY_NAME" value="#9"/>
    <property name="OS" value="Windows_NT"/>
    <property name="guice.disable.misplaced.annotation.check" value="true"/>
    <property name="HUDSON_SERVER_COOKIE" value="8c6694874287988a"/>
    <property name="WORKSPACE_TMP" value="C:\Users\MONTRAN\.jenkins\workspace\jenkinsgitdemo@tmp"/>
    <property name="MAVEN_HOME" value="C:\Users\MONTRAN\.jenkins\tools\hudson.tasks.Maven_MavenInstallation\Testmaven"/>
    <property name="SESSIONNAME" value="Console"/>
    <property name="PATHEXT" value=".COM;.EXE;.BAT;.CMD;.VBS;.VBE;.JS;.JSE;.WSF;.WSH;.MSC"/>
    <property name="java.awt.printerjob" value="sun.awt.windows.WPrinterJob"/>
    <property name="maven3.interceptor.common" value="C:\Users\MONTRAN\.jenkins\plugins\maven-plugin\WEB-INF\lib\maven3-interceptor-commons-1.13.jar"/>
    <property name="CLASSPATH" value=""/>
    <property name="HOMEPATH" value="\Users\MONTRAN"/>
    <property name="os.name" value="Windows 8.1"/>
    <property name="java.specification.vendor" value="Oracle Corporation"/>
    <property name="FP_NO_HOST_CHECK" value="NO"/>
    <property name="java.vm.name" value="Java HotSpot(TM) 64-Bit Server VM"/>
    <property name="BUILD_NUMBER" value="9"/>
    <property name="maven3.interceptor" value="C:\Users\MONTRAN\.jenkins\plugins\maven-plugin\WEB-INF\lib\maven35-interceptor-1.13.jar"/>
    <property name="java.library.path" value="C:\Program Files\Java\jdk1.8.0_201\bin;C:\Windows\Sun\Java\bin;C:\Windows\system32;C:\Windows;C:\Users\MONTRAN\.jenkins\tools\hudson.tasks.Maven_MavenInstallation\Testmaven/bin;C:\Program Files\Java\jdk1.8.0_201/bin;C:\Program Files\Java\jdk1.8.0_201/bin;C:\Program Files (x86)\IBM\WebSphere MQ\java\lib;C:\Program Files (x86)\IBM\WebSphere MQ\java\lib64;C:\app\MONTRAN\product\12.1.0\dbhome_1\bin;C:\Program Files (x86)\Common Files\Oracle\Java\javapath;C:\app\Ritesh\product\12.1.0\dbhome_2\bin;C:\app\Ritesh\product\12.1.0\dbhome_1\bin;F:\app\oracledb\product\12.1.0\dbhome_1\bin;C:\Windows\system32;C:\Windows;C:\Windows\System32\Wbem;C:\Windows\System32\WindowsPowerShell\v1.0\;C:\Program Files\SafeNet\Authentication\SAC\x64;C:\Program Files\SafeNet\Authentication\SAC\x32;C:\Program Files\OpenVPN\bin;C:\Program Files\Java\jdk1.8.0_201\bin;C:\Program Files\Microsoft SQL Server\Client SDK\ODBC\130\Tools\Binn\;C:\Program Files (x86)\Microsoft SQL Server\140\Tools\Binn\;C:\Program Files\Microsoft SQL Server\140\Tools\Binn\;C:\Program Files\Microsoft SQL Server\140\DTS\Binn\;C:\Program Files (x86)\Microsoft SQL Server\150\DTS\Binn\;C:\Program Files (x86)\IBM\WebSphere MQ\bin64;C:\Program Files (x86)\IBM\WebSphere MQ\bin;C:\Program Files (x86)\IBM\WebSphere MQ\tools\c\samples\bin;C:\Program Files\Azure Data Studio\bin;C:\Users\MONTRAN\Downloads\apache-maven-3.6.3-bin\apache-maven-3.6.3\bin;C:\Program Files\Git\cmd;."/>
    <property name="HOMEDRIVE" value="C:"/>
    <property name="POM_GROUPID" value="TNBC"/>
    <property name="POM_ARTIFACTID" value="TNBC"/>
    <property name="java.class.version" value="52.0"/>
    <property name="JOB_URL" value="http://localhost:8080/job/jenkinsgitdemo/"/>
    <property name="MQ_JRE_PATH" value="C:\Program Files (x86)\IBM\WebSphere MQ\java\jre"/>
    <property name="MQ_FILE_PATH" value="C:\Program Files (x86)\IBM\WebSphere MQ"/>
    <property name="GIT_PREVIOUS_COMMIT" value="35629b24aac788aa1400f1bbec2b92f56b7c19eb"/>
    <property name="GIT_BRANCH" value="origin/master"/>
    <property name="RUN_DISPLAY_URL" value="http://localhost:8080/job/jenkinsgitdemo/9/display/redirect"/>
    <property name="JENKINS_HOME" value="C:\Users\MONTRAN\.jenkins"/>
    <property name="BUILD_ID" value="9"/>
    <property name="TEMP" value="C:\Users\MONTRAN\AppData\Local\Temp"/>
    <property name="sun.boot.library.path" value="C:\Program Files\Java\jdk1.8.0_201\jre\bin"/>
    <property name="sun.management.compiler" value="HotSpot 64-Bit Tiered Compilers"/>
    <property name="java.awt.graphicsenv" value="sun.awt.Win32GraphicsEnvironment"/>
    <property name="user.variant" value=""/>
    <property name="PROCESSOR_REVISION" value="3d04"/>
    <property name="POM_VERSION" value="0.0.1-SNAPSHOT"/>
    <property name="HUDSON_HOME" value="C:\Users\MONTRAN\.jenkins"/>
    <property name="ProgramFiles(x86)" value="C:\Program Files (x86)"/>
    <property name="PATH+MAVEN" value="C:\Users\MONTRAN\.jenkins\tools\hudson.tasks.Maven_MavenInstallation\Testmaven/bin"/>
    <property name="USERDOMAIN_ROAMINGPROFILE" value="SUVARNA"/>
    <property name="RUN_ARTIFACTS_DISPLAY_URL" value="http://localhost:8080/job/jenkinsgitdemo/9/display/redirect?page=artifacts"/>
    <property name="PROMPT" value="$P$G"/>
    <property name="java.vm.specification.version" value="1.8"/>
    <property name="JAVA_HOME" value="C:\Program Files\Java\jdk1.8.0_201"/>
    <property name="awt.toolkit" value="sun.awt.windows.WToolkit"/>
    <property name="NODE_LABELS" value="master"/>
    <property name="sun.cpu.isalist" value="amd64"/>
    <property name="USERPROFILE" value="C:\Users\MONTRAN"/>
    <property name="JOB_DISPLAY_URL" value="http://localhost:8080/job/jenkinsgitdemo/display/redirect"/>
    <property name="java.ext.dirs" value="C:\Program Files\Java\jdk1.8.0_201\jre\lib\ext;C:\Windows\Sun\Java\lib\ext"/>
    <property name="os.version" value="6.3"/>
    <property name="user.home" value="C:\Users\MONTRAN"/>
    <property name="USERNAME" value="MONTRAN"/>
    <property name="java.vm.vendor" value="Oracle Corporation"/>
    <property name="PROCESSOR_LEVEL" value="6"/>
    <property name="CommonProgramW6432" value="C:\Program Files\Common Files"/>
    <property name="user.dir" value="E:\workspace\DEFAULT_WORKSPACE\TNBC"/>
    <property name="maven.conf" value="C:\Users\MONTRAN\.jenkins\tools\hudson.tasks.Maven_MavenInstallation\Testmaven\conf"/>
    <property name="ProgramW6432" value="C:\Program Files"/>
    <property name="TMP" value="C:\Users\MONTRAN\AppData\Local\Temp"/>
    <property name="sun.cpu.endian" value="little"/>
    <property name="SystemDrive" value="C:"/>
    <property name="CATALINA" value=";E:\apache-tomcat-7.0.85\bin;"/>
    <property name="java.vm.version" value="25.201-b09"/>
    <property name="java.class.path" value="C:\Users\MONTRAN\.jenkins\plugins\maven-plugin\WEB-INF\lib\maven35-agent-1.13.jar;C:\Users\MONTRAN\.jenkins\tools\hudson.tasks.Maven_MavenInstallation\Testmaven\boot\plexus-classworlds-2.6.0.jar;C:\Users\MONTRAN\.jenkins\tools\hudson.tasks.Maven_MavenInstallation\Testmaven/conf/logging"/>
    <property name="org.slf4j.simpleLogger.defaultLogLevel" value="info"/>
    <property name="os.arch" value="amd64"/>
    <property name="WORKSPACE" value="C:\Users\MONTRAN\.jenkins\workspace\jenkinsgitdemo"/>
    <property name="ComSpec" value="C:\Windows\system32\cmd.exe"/>
    <property name="RUN_TESTS_DISPLAY_URL" value="http://localhost:8080/job/jenkinsgitdemo/9/display/redirect?page=tests"/>
    <property name="sun.java.launcher" value="SUN_STANDARD"/>
    <property name="SystemRoot" value="C:\Windows"/>
    <property name="CommonProgramFiles" value="C:\Program Files\Common Files"/>
    <property name="java.vm.specification.vendor" value="Oracle Corporation"/>
    <property name="file.separator" value="\"/>
    <property name="java.runtime.version" value="1.8.0_201-b09"/>
    <property name="ProgramFiles" value="C:\Program Files"/>
    <property name="sun.boot.class.path" value="C:\Program Files\Java\jdk1.8.0_201\jre\lib\resources.jar;C:\Program Files\Java\jdk1.8.0_201\jre\lib\rt.jar;C:\Program Files\Java\jdk1.8.0_201\jre\lib\sunrsasign.jar;C:\Program Files\Java\jdk1.8.0_201\jre\lib\jsse.jar;C:\Program Files\Java\jdk1.8.0_201\jre\lib\jce.jar;C:\Program Files\Java\jdk1.8.0_201\jre\lib\charsets.jar;C:\Program Files\Java\jdk1.8.0_201\jre\lib\jfr.jar;C:\Program Files\Java\jdk1.8.0_201\jre\classes"/>
    <property name="PATH+JDK" value="C:\Program Files\Java\jdk1.8.0_201/bin"/>
    <property name="user.country" value="US"/>
    <property name="POM_PACKAGING" value="jar"/>
    <property name="maven.home" value="C:\Users\MONTRAN\.jenkins\tools\hudson.tasks.Maven_MavenInstallation\Testmaven"/>
    <property name="JOB_BASE_NAME" value="jenkinsgitdemo"/>
    <property name="java.vendor" value="Oracle Corporation"/>
    <property name="POM_DISPLAYNAME" value="TNBC"/>
    <property name="java.specification.version" value="1.8"/>
    <property name="sun.arch.data.model" value="64"/>
    <property name="GIT_URL" value="https://github.com/pranjal-13/TNBC"/>
  </properties>
  <testcase classname="Inward Payment flow feature" name="Inward Payment flow" time="195.328">
    <error message="no such element: Unable to locate element: {&quot;method&quot;:&quot;name&quot;,&quot;selector&quot;:&quot;content(periodValueDate)&quot;}
  (Session info: chrome=87.0.4280.88)
  (Driver info: chromedriver=2.35.528161 (5b82f2d2aae0ca24b877009200ced9065a772e73),platform=Windows NT 6.3.9600 x86_64) (WARNING: The server did not provide any stacktrace information)
Command duration or timeout: 0 milliseconds
For documentation on this error, please visit: https://selenium.dev/exceptions/#no_such_element
Build info: version: &apos;4.0.0-alpha-4&apos;, revision: &apos;c2d955b49e&apos;
System info: host: &apos;SUVARNA&apos;, ip: &apos;192.168.0.5&apos;, os.name: &apos;Windows 8.1&apos;, os.arch: &apos;amd64&apos;, os.version: &apos;6.3&apos;, java.version: &apos;1.8.0_201&apos;
Driver info: org.openqa.selenium.chrome.ChromeDriver
Capabilities {acceptInsecureCerts: false, acceptSslCerts: false, applicationCacheEnabled: false, browserConnectionEnabled: false, browserName: chrome, chrome: {chromedriverVersion: 2.35.528161 (5b82f2d2aae0ca..., userDataDir: C:\Users\MONTRAN\AppData\Lo...}, cssSelectorsEnabled: true, databaseEnabled: false, handlesAlerts: true, hasTouchScreen: false, javascriptEnabled: true, locationContextEnabled: true, mobileEmulationEnabled: false, nativeEvents: true, networkConnectionEnabled: false, pageLoadStrategy: normal, platform: XP, platformName: XP, rotatable: false, setWindowRect: true, takesHeapSnapshot: true, takesScreenshot: true, unexpectedAlertBehaviour: , unhandledPromptBehavior: , version: 87.0.4280.88, webStorageEnabled: true}
Session ID: 1a5e514757a8daeab2d19decedf9552a
*** Element info: {Using=name, value=content(periodValueDate)}" type="org.openqa.selenium.NoSuchElementException">org.openqa.selenium.NoSuchElementException: no such element: Unable to locate element: {&quot;method&quot;:&quot;name&quot;,&quot;selector&quot;:&quot;content(periodValueDate)&quot;}
  (Session info: chrome=87.0.4280.88)
  (Driver info: chromedriver=2.35.528161 (5b82f2d2aae0ca24b877009200ced9065a772e73),platform=Windows NT 6.3.9600 x86_64) (WARNING: The server did not provide any stacktrace information)
Command duration or timeout: 0 milliseconds
For documentation on this error, please visit: https://selenium.dev/exceptions/#no_such_element
Build info: version: &apos;4.0.0-alpha-4&apos;, revision: &apos;c2d955b49e&apos;
System info: host: &apos;SUVARNA&apos;, ip: &apos;192.168.0.5&apos;, os.name: &apos;Windows 8.1&apos;, os.arch: &apos;amd64&apos;, os.version: &apos;6.3&apos;, java.version: &apos;1.8.0_201&apos;
Driver info: org.openqa.selenium.chrome.ChromeDriver
Capabilities {acceptInsecureCerts: false, acceptSslCerts: false, applicationCacheEnabled: false, browserConnectionEnabled: false, browserName: chrome, chrome: {chromedriverVersion: 2.35.528161 (5b82f2d2aae0ca..., userDataDir: C:\Users\MONTRAN\AppData\Lo...}, cssSelectorsEnabled: true, databaseEnabled: false, handlesAlerts: true, hasTouchScreen: false, javascriptEnabled: true, locationContextEnabled: true, mobileEmulationEnabled: false, nativeEvents: true, networkConnectionEnabled: false, pageLoadStrategy: normal, platform: XP, platformName: XP, rotatable: false, setWindowRect: true, takesHeapSnapshot: true, takesScreenshot: true, unexpectedAlertBehaviour: , unhandledPromptBehavior: , version: 87.0.4280.88, webStorageEnabled: true}
Session ID: 1a5e514757a8daeab2d19decedf9552a
*** Element info: {Using=name, value=content(periodValueDate)}
	at sun.reflect.NativeConstructorAccessorImpl.newInstance0(Native Method)
	at sun.reflect.NativeConstructorAccessorImpl.newInstance(NativeConstructorAccessorImpl.java:62)
	at sun.reflect.DelegatingConstructorAccessorImpl.newInstance(DelegatingConstructorAccessorImpl.java:45)
	at java.lang.reflect.Constructor.newInstance(Constructor.java:423)
	at org.openqa.selenium.remote.ErrorHandler.createThrowable(ErrorHandler.java:217)
	at org.openqa.selenium.remote.ErrorHandler.throwIfResponseFailed(ErrorHandler.java:169)
	at org.openqa.selenium.remote.codec.jwp.JsonHttpResponseCodec.reconstructValue(JsonHttpResponseCodec.java:41)
	at org.openqa.selenium.remote.codec.AbstractHttpResponseCodec.decode(AbstractHttpResponseCodec.java:83)
	at org.openqa.selenium.remote.codec.AbstractHttpResponseCodec.decode(AbstractHttpResponseCodec.java:47)
	at org.openqa.selenium.remote.HttpCommandExecutor.execute(HttpCommandExecutor.java:161)
	at org.openqa.selenium.remote.service.DriverCommandExecutor.execute(DriverCommandExecutor.java:83)
	at org.openqa.selenium.remote.RemoteWebDriver.execute(RemoteWebDriver.java:582)
	at org.openqa.selenium.remote.RemoteWebDriver.findElement(RemoteWebDriver.java:333)
	at org.openqa.selenium.remote.RemoteWebDriver.findElementByName(RemoteWebDriver.java:421)
	at org.openqa.selenium.By$ByName.findElement(By.java:311)
	at org.openqa.selenium.remote.RemoteWebDriver.findElement(RemoteWebDriver.java:325)
	at org.openqa.selenium.support.pagefactory.DefaultElementLocator.findElement(DefaultElementLocator.java:70)
	at org.openqa.selenium.support.pagefactory.internal.LocatingElementHandler.invoke(LocatingElementHandler.java:39)
	at com.sun.proxy.$Proxy19.getTagName(Unknown Source)
	at org.openqa.selenium.support.ui.Select.&lt;init&gt;(Select.java:46)
	at com.tnbc.qa.pages.PaymentFlow.filterScreen(PaymentFlow.java:163)
	at com.tnbc.qa.pages.PaymentFlow.filterwithGpkey(PaymentFlow.java:207)
	at com.tnbc.qa.pages.PaymentFlow.checkInitialPaymentstatus(PaymentFlow.java:216)
	at StepDefinition.InwardPaymentFlowStepDefinition.validate_whether_payment_move_to_QueuedToAccountVerification_status_using(InwardPaymentFlowStepDefinition.java:42)
	at ✽.validate whether payment move to QueuedToAccountVerification status using &quot;&quot;,&quot;ACH CHEQUE RECEIVE&quot;,&quot;Cheque No&quot;,&quot;EQUAL&quot;,&quot;50000084&quot;,&quot;&quot;,&quot;&lt;gpkey&gt;&quot;(file:src/test/resources/Features/TC14-InwardPaymentFlow.feature:6)
</error>
    <system-out>Feature: Inward Payment flow feature

  @TC_14_02_PositiveInwardFlow
  Scenario Outline: Inward Payment flow # src/test/resources/Features/TC14-InwardPaymentFlow.feature:5
    Then validate whether payment move to QueuedToAccountVerification status using &quot;&lt;ValueDateperiod&gt;&quot;,&quot;&lt;PaymentType&gt;&quot;,&quot;&lt;Reference&gt;&quot;,&quot;&lt;SubRef&gt;&quot;,&quot;&lt;ChequeNo&gt;&quot;,&quot;&lt;AccountNumber&gt;&quot;,&quot;&lt;gpkey&gt;&quot;
    Then validate whether payment move to SignatureCheck status using &quot;&lt;ValueDateperiod&gt;&quot;,&quot;&lt;PaymentType&gt;&quot;,&quot;&lt;Reference&gt;&quot;,&quot;&lt;SubRef&gt;&quot;,&quot;&lt;ChequeNo&gt;&quot;,&quot;&lt;AccountNumber&gt;&quot;
    Then validate whether payment move to SignatureCheckApprove using &quot;&lt;ValueDateperiod&gt;&quot;,&quot;&lt;PaymentType&gt;&quot;,&quot;&lt;Reference&gt;&quot;,&quot;&lt;SubRef&gt;&quot;,&quot;&lt;ChequeNo&gt;&quot;,&quot;&lt;AccountNumber&gt;&quot;
    Then validate whether payment move to QueuedToPosting status using &quot;&lt;ValueDateperiod&gt;&quot;,&quot;&lt;PaymentType&gt;&quot;,&quot;&lt;Reference&gt;&quot;,&quot;&lt;SubRef&gt;&quot;,&quot;&lt;ChequeNo&gt;&quot;,&quot;&lt;AccountNumber&gt;&quot;
    Then validate whether payment move to Completed using &quot;&lt;ValueDateperiod&gt;&quot;,&quot;&lt;PaymentType&gt;&quot;,&quot;&lt;Reference&gt;&quot;,&quot;&lt;SubRef&gt;&quot;,&quot;&lt;ChequeNo&gt;&quot;,&quot;&lt;AccountNumber&gt;&quot;

    Examples: 

  @TC_14_02_PositiveInwardFlow
  Scenario Outline: Inward Payment flow                                                                                                                # src/test/resources/Features/TC14-InwardPaymentFlow.feature:14
ACH_Clearing_File_Input_Server is started
ACH_Clearing_Inward_Payment_Creation_Server is started
File_Routing_Server is started
    Then validate whether payment move to QueuedToAccountVerification status using &quot;&quot;,&quot;ACH CHEQUE RECEIVE&quot;,&quot;Cheque No&quot;,&quot;EQUAL&quot;,&quot;50000084&quot;,&quot;&quot;,&quot;&lt;gpkey&gt;&quot; # InwardPaymentFlowStepDefinition.validate_whether_payment_move_to_QueuedToAccountVerification_status_using(String,String,String,String,String,String,String)
      org.openqa.selenium.NoSuchElementException: no such element: Unable to locate element: {&quot;method&quot;:&quot;name&quot;,&quot;selector&quot;:&quot;content(periodValueDate)&quot;}
  (Session info: chrome=87.0.4280.88)
  (Driver info: chromedriver=2.35.528161 (5b82f2d2aae0ca24b877009200ced9065a772e73),platform=Windows NT 6.3.9600 x86_64) (WARNING: The server did not provide any stacktrace information)
Command duration or timeout: 0 milliseconds
For documentation on this error, please visit: https://selenium.dev/exceptions/#no_such_element
Build info: version: &apos;4.0.0-alpha-4&apos;, revision: &apos;c2d955b49e&apos;
System info: host: &apos;SUVARNA&apos;, ip: &apos;192.168.0.5&apos;, os.name: &apos;Windows 8.1&apos;, os.arch: &apos;amd64&apos;, os.version: &apos;6.3&apos;, java.version: &apos;1.8.0_201&apos;
Driver info: org.openqa.selenium.chrome.ChromeDriver
Capabilities {acceptInsecureCerts: false, acceptSslCerts: false, applicationCacheEnabled: false, browserConnectionEnabled: false, browserName: chrome, chrome: {chromedriverVersion: 2.35.528161 (5b82f2d2aae0ca..., userDataDir: C:\Users\MONTRAN\AppData\Lo...}, cssSelectorsEnabled: true, databaseEnabled: false, handlesAlerts: true, hasTouchScreen: false, javascriptEnabled: true, locationContextEnabled: true, mobileEmulationEnabled: false, nativeEvents: true, networkConnectionEnabled: false, pageLoadStrategy: normal, platform: XP, platformName: XP, rotatable: false, setWindowRect: true, takesHeapSnapshot: true, takesScreenshot: true, unexpectedAlertBehaviour: , unhandledPromptBehavior: , version: 87.0.4280.88, webStorageEnabled: true}
Session ID: 1a5e514757a8daeab2d19decedf9552a
*** Element info: {Using=name, value=content(periodValueDate)}
	at sun.reflect.NativeConstructorAccessorImpl.newInstance0(Native Method)
	at sun.reflect.NativeConstructorAccessorImpl.newInstance(NativeConstructorAccessorImpl.java:62)
	at sun.reflect.DelegatingConstructorAccessorImpl.newInstance(DelegatingConstructorAccessorImpl.java:45)
	at java.lang.reflect.Constructor.newInstance(Constructor.java:423)
	at org.openqa.selenium.remote.ErrorHandler.createThrowable(ErrorHandler.java:217)
	at org.openqa.selenium.remote.ErrorHandler.throwIfResponseFailed(ErrorHandler.java:169)
	at org.openqa.selenium.remote.codec.jwp.JsonHttpResponseCodec.reconstructValue(JsonHttpResponseCodec.java:41)
	at org.openqa.selenium.remote.codec.AbstractHttpResponseCodec.decode(AbstractHttpResponseCodec.java:83)
	at org.openqa.selenium.remote.codec.AbstractHttpResponseCodec.decode(AbstractHttpResponseCodec.java:47)
	at org.openqa.selenium.remote.HttpCommandExecutor.execute(HttpCommandExecutor.java:161)
	at org.openqa.selenium.remote.service.DriverCommandExecutor.execute(DriverCommandExecutor.java:83)
	at org.openqa.selenium.remote.RemoteWebDriver.execute(RemoteWebDriver.java:582)
	at org.openqa.selenium.remote.RemoteWebDriver.findElement(RemoteWebDriver.java:333)
	at org.openqa.selenium.remote.RemoteWebDriver.findElementByName(RemoteWebDriver.java:421)
	at org.openqa.selenium.By$ByName.findElement(By.java:311)
	at org.openqa.selenium.remote.RemoteWebDriver.findElement(RemoteWebDriver.java:325)
	at org.openqa.selenium.support.pagefactory.DefaultElementLocator.findElement(DefaultElementLocator.java:70)
	at org.openqa.selenium.support.pagefactory.internal.LocatingElementHandler.invoke(LocatingElementHandler.java:39)
	at com.sun.proxy.$Proxy19.getTagName(Unknown Source)
	at org.openqa.selenium.support.ui.Select.&lt;init&gt;(Select.java:46)
	at com.tnbc.qa.pages.PaymentFlow.filterScreen(PaymentFlow.java:163)
	at com.tnbc.qa.pages.PaymentFlow.filterwithGpkey(PaymentFlow.java:207)
	at com.tnbc.qa.pages.PaymentFlow.checkInitialPaymentstatus(PaymentFlow.java:216)
	at StepDefinition.InwardPaymentFlowStepDefinition.validate_whether_payment_move_to_QueuedToAccountVerification_status_using(InwardPaymentFlowStepDefinition.java:42)
	at ?.validate whether payment move to QueuedToAccountVerification status using &quot;&quot;,&quot;ACH CHEQUE RECEIVE&quot;,&quot;Cheque No&quot;,&quot;EQUAL&quot;,&quot;50000084&quot;,&quot;&quot;,&quot;&lt;gpkey&gt;&quot;(file:src/test/resources/Features/TC14-InwardPaymentFlow.feature:6)

AFTER SITE
    Then validate whether payment move to SignatureCheck status using &quot;&quot;,&quot;ACH CHEQUE RECEIVE&quot;,&quot;Cheque No&quot;,&quot;EQUAL&quot;,&quot;50000084&quot;,&quot;&quot;                        # InwardPaymentFlowStepDefinition.validate_whether_payment_move_to_SignatureCheck_status_using(String,String,String,String,String,String)
    Then validate whether payment move to SignatureCheckApprove using &quot;&quot;,&quot;ACH CHEQUE RECEIVE&quot;,&quot;Cheque No&quot;,&quot;EQUAL&quot;,&quot;50000084&quot;,&quot;&quot;                        # InwardPaymentFlowStepDefinition.validate_whether_payment_move_to_SignatureCheckApprove_using(String,String,String,String,String,String)
    Then validate whether payment move to QueuedToPosting status using &quot;&quot;,&quot;ACH CHEQUE RECEIVE&quot;,&quot;Cheque No&quot;,&quot;EQUAL&quot;,&quot;50000084&quot;,&quot;&quot;                       # InwardPaymentFlowStepDefinition.validate_whether_payment_move_to_QueuedToPosting_status_using(String,String,String,String,String,String)
    Then validate whether payment move to Completed using &quot;&quot;,&quot;ACH CHEQUE RECEIVE&quot;,&quot;Cheque No&quot;,&quot;EQUAL&quot;,&quot;50000084&quot;,&quot;&quot;                                    # InwardPaymentFlowStepDefinition.validate_whether_payment_move_to_Completed_using(String,String,String,String,String,String)
</system-out>
    <system-err>SLF4J: Failed to load class &quot;org.slf4j.impl.StaticLoggerBinder&quot;.
SLF4J: Defaulting to no-operation (NOP) logger implementation
SLF4J: See http://www.slf4j.org/codes.html#StaticLoggerBinder for further details.
Starting ChromeDriver 2.35.528161 (5b82f2d2aae0ca24b877009200ced9065a772e73) on port 46752
Only local connections are allowed.
Dec 07, 2020 4:32:36 PM org.openqa.selenium.remote.ProtocolHandshake createSession
INFO: Detected dialect: OSS
Starting ChromeDriver 2.35.528161 (5b82f2d2aae0ca24b877009200ced9065a772e73) on port 27814
Only local connections are allowed.
Dec 07, 2020 4:34:31 PM org.openqa.selenium.remote.ProtocolHandshake createSession
INFO: Detected dialect: OSS
</system-err>
  </testcase>
</testsuite>